<?xml version="1.0" encoding="utf-8"?>
<TestRun id="8319951d-9b34-4aeb-b6fd-1609df622050" name="samki@PC17 2025-09-27 15:49:50" runUser="PC17\samki" xmlns="http://microsoft.com/schemas/VisualStudio/TeamTest/2010">
  <Times creation="2025-09-27T15:49:50.2256610+10:00" queuing="2025-09-27T15:49:50.2256614+10:00" start="2025-09-27T15:49:49.9247511+10:00" finish="2025-09-27T15:49:51.6326511+10:00" />
  <TestSettings name="default" id="3bdaa70e-e21c-4fca-b15e-8bf3dd6118eb">
    <Deployment runDeploymentRoot="samki_PC17_2025-09-27_15_49_50" />
  </TestSettings>
  <Results>
    <UnitTestResult executionId="4cd53080-ea2a-4409-b976-f3c6c5ec0cb8" testId="24aa07ef-9d34-0e71-f572-9e00fd633652" testName="EngineNet.Tests.OperationsEngineFullCoverageTests.ExecuteEngineOperationAsync_Throws_On_Unknown_Game" computerName="PC17" duration="00:00:00.0064385" startTime="2025-09-27T15:49:50.2276167+10:00" endTime="2025-09-27T15:49:50.2276168+10:00" testType="13cdc9d9-ddb5-4fa4-a97d-d965ccfc6d4b" outcome="Passed" testListId="8c84fa94-04c1-424b-9868-57a2d4851a1d" relativeResultsDirectory="4cd53080-ea2a-4409-b976-f3c6c5ec0cb8" />
    <UnitTestResult executionId="58c83ebd-4e57-4c52-a0cc-85c3513f8382" testId="84da9067-81a4-f8e4-e050-0f39d7ce8a58" testName="EngineNet.Tests.ToolsJsonSchemaTests.ToolsJson_FollowsExpectedSchema" computerName="PC17" duration="00:00:00.0067893" startTime="2025-09-27T15:49:50.2104717+10:00" endTime="2025-09-27T15:49:50.2104719+10:00" testType="13cdc9d9-ddb5-4fa4-a97d-d965ccfc6d4b" outcome="Passed" testListId="8c84fa94-04c1-424b-9868-57a2d4851a1d" relativeResultsDirectory="58c83ebd-4e57-4c52-a0cc-85c3513f8382" />
    <UnitTestResult executionId="5c5dc4fb-9f6e-4f31-b082-8e1d269e14fe" testId="ac9d4e11-ec2d-ef55-3c8f-eb71e1fa34d8" testName="EngineNet.Tests.JsonToolResolverTests.PassthroughResolver_ReturnsToolId" computerName="PC17" duration="00:00:00.0023779" startTime="2025-09-27T15:49:50.2084567+10:00" endTime="2025-09-27T15:49:50.2084660+10:00" testType="13cdc9d9-ddb5-4fa4-a97d-d965ccfc6d4b" outcome="Passed" testListId="8c84fa94-04c1-424b-9868-57a2d4851a1d" relativeResultsDirectory="5c5dc4fb-9f6e-4f31-b082-8e1d269e14fe" />
    <UnitTestResult executionId="2ffe2ca0-5310-47aa-b2cd-46645662bd08" testId="a7d5f1a3-8dbc-cd97-2d4d-f5382b6649e9" testName="EngineNet.Tests.OperationsEngineFullCoverageTests.GetRegisteredModules_Covers_Method" computerName="PC17" duration="00:00:00.0016811" startTime="2025-09-27T15:49:50.3114636+10:00" endTime="2025-09-27T15:49:50.3114638+10:00" testType="13cdc9d9-ddb5-4fa4-a97d-d965ccfc6d4b" outcome="Passed" testListId="8c84fa94-04c1-424b-9868-57a2d4851a1d" relativeResultsDirectory="2ffe2ca0-5310-47aa-b2cd-46645662bd08" />
    <UnitTestResult executionId="fdf76884-463d-4673-af22-5aa1849c9ddc" testId="e6450159-8faf-83e2-7ff1-bd37b6edd310" testName="EngineNet.Tests.ToolsDownloaderTests.ProcessAsync_ThrowsWhenManifestMissing" computerName="PC17" duration="00:00:00.0007968" startTime="2025-09-27T15:49:50.2735972+10:00" endTime="2025-09-27T15:49:50.2735972+10:00" testType="13cdc9d9-ddb5-4fa4-a97d-d965ccfc6d4b" outcome="Passed" testListId="8c84fa94-04c1-424b-9868-57a2d4851a1d" relativeResultsDirectory="fdf76884-463d-4673-af22-5aa1849c9ddc" />
    <UnitTestResult executionId="f1cf8caa-39c3-43ae-8b61-50fdc5c89a1b" testId="8ac54234-2fe4-66e7-3064-0fe93ea0c7f3" testName="EngineNet.Tests.CommandBuilderTests.Build_Defaults_To_Python_And_Resolves_Placeholders" computerName="PC17" duration="00:00:00.0002219" startTime="2025-09-27T15:49:50.2177478+10:00" endTime="2025-09-27T15:49:50.2177478+10:00" testType="13cdc9d9-ddb5-4fa4-a97d-d965ccfc6d4b" outcome="Passed" testListId="8c84fa94-04c1-424b-9868-57a2d4851a1d" relativeResultsDirectory="f1cf8caa-39c3-43ae-8b61-50fdc5c89a1b" />
    <UnitTestResult executionId="70aa200b-bbcb-4e81-a41c-021b29410691" testId="ea447854-7f3c-0f75-6101-4783ce6b04f3" testName="EngineNet.Tests.OperationsEngineFullCoverageTests.InstallModuleAsync_Groups_No_RunAll_Chooses_First" computerName="PC17" duration="00:00:00.0042086" startTime="2025-09-27T15:49:51.4879962+10:00" endTime="2025-09-27T15:49:51.4879963+10:00" testType="13cdc9d9-ddb5-4fa4-a97d-d965ccfc6d4b" outcome="Passed" testListId="8c84fa94-04c1-424b-9868-57a2d4851a1d" relativeResultsDirectory="70aa200b-bbcb-4e81-a41c-021b29410691" />
    <UnitTestResult executionId="a1972654-7341-4edd-aebc-48c40f9c3665" testId="f22fecce-9e05-0c16-323d-886acf60f114" testName="EngineNet.Tests.OperationsEngineTests.LoadOperations_Parses_Json_Grouped" computerName="PC17" duration="00:00:00.0700625" startTime="2025-09-27T15:49:50.2737529+10:00" endTime="2025-09-27T15:49:50.2737530+10:00" testType="13cdc9d9-ddb5-4fa4-a97d-d965ccfc6d4b" outcome="Passed" testListId="8c84fa94-04c1-424b-9868-57a2d4851a1d" relativeResultsDirectory="a1972654-7341-4edd-aebc-48c40f9c3665" />
    <UnitTestResult executionId="21745706-5a27-4cc4-baef-2a5877cb55a6" testId="5f5306e1-bd7c-ecd9-f655-8fdfc5c21d1a" testName="EngineNet.Tests.OperationsEngineFullCoverageTests.LoadOperationsList_Json_Array_Types_Coverage" computerName="PC17" duration="00:00:00.0081186" startTime="2025-09-27T15:49:50.3289720+10:00" endTime="2025-09-27T15:49:50.3289723+10:00" testType="13cdc9d9-ddb5-4fa4-a97d-d965ccfc6d4b" outcome="Passed" testListId="8c84fa94-04c1-424b-9868-57a2d4851a1d" relativeResultsDirectory="21745706-5a27-4cc4-baef-2a5877cb55a6" />
    <UnitTestResult executionId="ab5a502b-a9c1-4230-a8e5-f0a709895c86" testId="f35cdd57-bbac-d13c-c8a7-09726a484e46" testName="EngineNet.Tests.OperationsEngineFullCoverageTests.RunOperationGroupAsync_Aggregates_Success" computerName="PC17" duration="00:00:00.0129801" startTime="2025-09-27T15:49:51.4837027+10:00" endTime="2025-09-27T15:49:51.4837028+10:00" testType="13cdc9d9-ddb5-4fa4-a97d-d965ccfc6d4b" outcome="Passed" testListId="8c84fa94-04c1-424b-9868-57a2d4851a1d" relativeResultsDirectory="ab5a502b-a9c1-4230-a8e5-f0a709895c86" />
    <UnitTestResult executionId="bb026726-a43f-4b00-a182-451edf3afa6d" testId="cd7e7686-8a05-bac9-ea8f-f9bb638ad10b" testName="EngineNet.Tests.OperationsEngineFullCoverageTests.InstallModuleAsync_Paths" computerName="PC17" duration="00:00:00.0057847" startTime="2025-09-27T15:49:50.3404028+10:00" endTime="2025-09-27T15:49:50.3404030+10:00" testType="13cdc9d9-ddb5-4fa4-a97d-d965ccfc6d4b" outcome="Passed" testListId="8c84fa94-04c1-424b-9868-57a2d4851a1d" relativeResultsDirectory="bb026726-a43f-4b00-a182-451edf3afa6d" />
    <UnitTestResult executionId="4ce2c9e9-f3c4-4cd6-8cdb-fa0be707096d" testId="26e86a54-34a7-0820-0a5d-38c034d56d98" testName="EngineNet.Tests.MainViewModelTests.InstallCommandAddsRowAndUpdatesProgress" computerName="PC17" duration="00:00:00.0382819" startTime="2025-09-27T15:49:50.2635528+10:00" endTime="2025-09-27T15:49:50.2635531+10:00" testType="13cdc9d9-ddb5-4fa4-a97d-d965ccfc6d4b" outcome="Passed" testListId="8c84fa94-04c1-424b-9868-57a2d4851a1d" relativeResultsDirectory="4ce2c9e9-f3c4-4cd6-8cdb-fa0be707096d" />
    <UnitTestResult executionId="69524ce5-6754-4bbf-b684-2f1ddc98c84b" testId="36eaf8b6-85ba-84f7-edce-011edbf2a215" testName="EngineNet.Tests.EngineConfigTests.Reload_ReflectsLatestFileContents" computerName="PC17" duration="00:00:00.0080351" startTime="2025-09-27T15:49:50.2117201+10:00" endTime="2025-09-27T15:49:50.2117202+10:00" testType="13cdc9d9-ddb5-4fa4-a97d-d965ccfc6d4b" outcome="Passed" testListId="8c84fa94-04c1-424b-9868-57a2d4851a1d" relativeResultsDirectory="69524ce5-6754-4bbf-b684-2f1ddc98c84b" />
    <UnitTestResult executionId="21eae56d-151b-4cd0-9544-0fd2a08c0e41" testId="95c7e351-a8f8-4a01-5797-e6a55a184861" testName="EngineNet.Tests.OperationsEngineTests.LoadOperationsList_Parses_Toml_Array_Of_Tables" computerName="PC17" duration="00:00:00.0222103" startTime="2025-09-27T15:49:50.3191055+10:00" endTime="2025-09-27T15:49:50.3191057+10:00" testType="13cdc9d9-ddb5-4fa4-a97d-d965ccfc6d4b" outcome="Passed" testListId="8c84fa94-04c1-424b-9868-57a2d4851a1d" relativeResultsDirectory="21eae56d-151b-4cd0-9544-0fd2a08c0e41" />
    <UnitTestResult executionId="4139d299-c5db-4e93-a5c2-ed0e5afb2fee" testId="1206af9f-d132-5453-b574-866f665d64c5" testName="EngineNet.Tests.MainViewModelTests.InitializesPlaceholdersWhenNoGamesOrModules" computerName="PC17" duration="00:00:00.0014113" startTime="2025-09-27T15:49:50.2654457+10:00" endTime="2025-09-27T15:49:50.2654458+10:00" testType="13cdc9d9-ddb5-4fa4-a97d-d965ccfc6d4b" outcome="Passed" testListId="8c84fa94-04c1-424b-9868-57a2d4851a1d" relativeResultsDirectory="4139d299-c5db-4e93-a5c2-ed0e5afb2fee" />
    <UnitTestResult executionId="01fba904-8198-4971-a14a-27355edc8054" testId="59a60383-6d7c-6133-bd4b-5d84f788a41b" testName="EngineNet.Tests.CommandBuilderTests.Build_Throws_When_UnknownGame" computerName="PC17" duration="00:00:00.0001620" startTime="2025-09-27T15:49:50.2177313+10:00" endTime="2025-09-27T15:49:50.2177314+10:00" testType="13cdc9d9-ddb5-4fa4-a97d-d965ccfc6d4b" outcome="Passed" testListId="8c84fa94-04c1-424b-9868-57a2d4851a1d" relativeResultsDirectory="01fba904-8198-4971-a14a-27355edc8054" />
    <UnitTestResult executionId="5264dc10-5f82-449d-bcff-28f343705920" testId="3618a08a-a59f-94b6-e0c4-22abccf045a9" testName="EngineNet.Tests.JsonToolResolverTests.ResolveToolPath_UsesMappingsAndFallsBack" computerName="PC17" duration="00:00:00.0050869" startTime="2025-09-27T15:49:50.2176469+10:00" endTime="2025-09-27T15:49:50.2176469+10:00" testType="13cdc9d9-ddb5-4fa4-a97d-d965ccfc6d4b" outcome="Passed" testListId="8c84fa94-04c1-424b-9868-57a2d4851a1d" relativeResultsDirectory="5264dc10-5f82-449d-bcff-28f343705920" />
    <UnitTestResult executionId="f8d29d33-9777-4408-b5de-bf2565112ead" testId="439f59a5-1e68-a99b-c24c-aa77fcb085bf" testName="EngineNet.Tests.OperationsEngineFullCoverageTests.DownloadModule_Invokes_Git" computerName="PC17" duration="00:00:01.0511497" startTime="2025-09-27T15:49:51.3993150+10:00" endTime="2025-09-27T15:49:51.3993154+10:00" testType="13cdc9d9-ddb5-4fa4-a97d-d965ccfc6d4b" outcome="Passed" testListId="8c84fa94-04c1-424b-9868-57a2d4851a1d" relativeResultsDirectory="f8d29d33-9777-4408-b5de-bf2565112ead" />
    <UnitTestResult executionId="2f7b60cb-f15e-4d8d-85de-46e748e17806" testId="7af949fa-42f3-07d2-11bc-e3e66feee965" testName="EngineNet.Tests.ToolsDownloaderTests.ProcessAsync_UnpacksZipAndCapturesExecutable" computerName="PC17" duration="00:00:00.0332963" startTime="2025-09-27T15:49:50.2727519+10:00" endTime="2025-09-27T15:49:50.2727520+10:00" testType="13cdc9d9-ddb5-4fa4-a97d-d965ccfc6d4b" outcome="Passed" testListId="8c84fa94-04c1-424b-9868-57a2d4851a1d" relativeResultsDirectory="2f7b60cb-f15e-4d8d-85de-46e748e17806" />
    <UnitTestResult executionId="c05d5a1c-deab-43b7-a941-7e1fd65f0dbe" testId="5ad508f9-a57c-bf1f-9543-fea13f09abc7" testName="EngineNet.Tests.OperationsEngineFullCoverageTests.LoadOperations_Toml_Groups_With_Nested_Types" computerName="PC17" duration="00:00:00.0173712" startTime="2025-09-27T15:49:50.2450621+10:00" endTime="2025-09-27T15:49:50.2450623+10:00" testType="13cdc9d9-ddb5-4fa4-a97d-d965ccfc6d4b" outcome="Passed" testListId="8c84fa94-04c1-424b-9868-57a2d4851a1d" relativeResultsDirectory="c05d5a1c-deab-43b7-a941-7e1fd65f0dbe" />
    <UnitTestResult executionId="81dbd482-bc15-417d-8c50-cdf5352b60c1" testId="0e5d25b1-6332-4a56-3f79-bba86ee32a2d" testName="EngineNet.Tests.ProcessRunnerTests.Execute_Echoes_Output_And_Parses_Events" computerName="PC17" duration="00:00:00.0319313" startTime="2025-09-27T15:49:50.2356685+10:00" endTime="2025-09-27T15:49:50.2356687+10:00" testType="13cdc9d9-ddb5-4fa4-a97d-d965ccfc6d4b" outcome="Passed" testListId="8c84fa94-04c1-424b-9868-57a2d4851a1d" relativeResultsDirectory="81dbd482-bc15-417d-8c50-cdf5352b60c1" />
    <UnitTestResult executionId="b0e437de-cb03-43c9-816f-93fc81fae23d" testId="96b60375-4c3b-d433-ea7e-a1a6ea86dfa6" testName="EngineNet.Tests.OperationsEngineFullCoverageTests.ListGames_and_InstalledGames_and_States" computerName="PC17" duration="00:00:00.0622769" startTime="2025-09-27T15:49:50.3097163+10:00" endTime="2025-09-27T15:49:50.3097167+10:00" testType="13cdc9d9-ddb5-4fa4-a97d-d965ccfc6d4b" outcome="Passed" testListId="8c84fa94-04c1-424b-9868-57a2d4851a1d" relativeResultsDirectory="b0e437de-cb03-43c9-816f-93fc81fae23d" />
    <UnitTestResult executionId="41bcc0e3-74f5-458a-9369-210f25ecd00d" testId="3020bb36-e0a3-b224-bdaa-73c076bdbefb" testName="EngineNet.Tests.EngineConfigTests.LoadJsonFile_ParsesNested" computerName="PC17" duration="00:00:00.0013898" startTime="2025-09-27T15:49:50.2184611+10:00" endTime="2025-09-27T15:49:50.2184612+10:00" testType="13cdc9d9-ddb5-4fa4-a97d-d965ccfc6d4b" outcome="Passed" testListId="8c84fa94-04c1-424b-9868-57a2d4851a1d" relativeResultsDirectory="41bcc0e3-74f5-458a-9369-210f25ecd00d" />
    <UnitTestResult executionId="3257d09c-3fe1-4b35-8fad-763284e32717" testId="17828155-9e23-b08a-e9bd-da99810ac0fb" testName="EngineNet.Tests.RegistriesTests.DiscoverGames_Finds_Toml_And_Json" computerName="PC17" duration="00:00:00.0041988" startTime="2025-09-27T15:49:50.2184828+10:00" endTime="2025-09-27T15:49:50.2184828+10:00" testType="13cdc9d9-ddb5-4fa4-a97d-d965ccfc6d4b" outcome="Passed" testListId="8c84fa94-04c1-424b-9868-57a2d4851a1d" relativeResultsDirectory="3257d09c-3fe1-4b35-8fad-763284e32717" />
    <UnitTestResult executionId="38997427-d6ae-432a-abc2-4762ac0eacce" testId="111c0219-f2b6-ba06-5933-a5ac22b73028" testName="EngineNet.Tests.OperationsEngineFullCoverageTests.RunSingleOperationAsync_Python_Case_Label" computerName="PC17" duration="00:00:00.1066216" startTime="2025-09-27T15:49:51.5947183+10:00" endTime="2025-09-27T15:49:51.5947185+10:00" testType="13cdc9d9-ddb5-4fa4-a97d-d965ccfc6d4b" outcome="Passed" testListId="8c84fa94-04c1-424b-9868-57a2d4851a1d" relativeResultsDirectory="38997427-d6ae-432a-abc2-4762ac0eacce" />
    <UnitTestResult executionId="e2d25032-68f7-459e-9770-1e77f3bbacbf" testId="1ecbc66c-0727-08c4-b0ea-bac2fc2f5a05" testName="EngineNet.Tests.OperationsEngineTests.LoadOperationsList_Parses_Json_Array" computerName="PC17" duration="00:00:00.0229673" startTime="2025-09-27T15:49:50.2968019+10:00" endTime="2025-09-27T15:49:50.2968021+10:00" testType="13cdc9d9-ddb5-4fa4-a97d-d965ccfc6d4b" outcome="Passed" testListId="8c84fa94-04c1-424b-9868-57a2d4851a1d" relativeResultsDirectory="e2d25032-68f7-459e-9770-1e77f3bbacbf" />
    <UnitTestResult executionId="ec6a20a5-d841-46ae-ae43-2733e6fabbcd" testId="b67ef712-351e-7e57-d08a-d44b448cf480" testName="EngineNet.Tests.CommandBuilderTests.Build_ReturnsEmpty_When_NoScript" computerName="PC17" duration="00:00:00.0001944" startTime="2025-09-27T15:49:50.2177143+10:00" endTime="2025-09-27T15:49:50.2177143+10:00" testType="13cdc9d9-ddb5-4fa4-a97d-d965ccfc6d4b" outcome="Passed" testListId="8c84fa94-04c1-424b-9868-57a2d4851a1d" relativeResultsDirectory="ec6a20a5-d841-46ae-ae43-2733e6fabbcd" />
    <UnitTestResult executionId="5f530fa8-cdc2-4471-9882-5bb7b3697a12" testId="4ff14dc8-0c01-c8b9-0da8-8845aa1ee661" testName="EngineNet.Tests.OperationsEngineFullCoverageTests.LoadOperationsList_JsonObject_Flattens_Groups" computerName="PC17" duration="00:00:00.0036711" startTime="2025-09-27T15:49:50.3480499+10:00" endTime="2025-09-27T15:49:50.3480502+10:00" testType="13cdc9d9-ddb5-4fa4-a97d-d965ccfc6d4b" outcome="Passed" testListId="8c84fa94-04c1-424b-9868-57a2d4851a1d" relativeResultsDirectory="5f530fa8-cdc2-4471-9882-5bb7b3697a12" />
    <UnitTestResult executionId="55c7804d-ec70-4868-845e-9bf5fcf488bd" testId="fead6ed0-87bc-0f57-c4bb-166c267df20e" testName="EngineNet.Tests.OperationsEngineFullCoverageTests.InstallModuleAsync_JsonArray_Flattens" computerName="PC17" duration="00:00:00.0038302" startTime="2025-09-27T15:49:50.3443126+10:00" endTime="2025-09-27T15:49:50.3443128+10:00" testType="13cdc9d9-ddb5-4fa4-a97d-d965ccfc6d4b" outcome="Passed" testListId="8c84fa94-04c1-424b-9868-57a2d4851a1d" relativeResultsDirectory="55c7804d-ec70-4868-845e-9bf5fcf488bd" />
    <UnitTestResult executionId="8e2e42f0-f8a2-4ca3-b26d-281614ba7de8" testId="9025050d-60bf-79ee-475c-703dbe7eee0e" testName="EngineNet.Tests.OperationsEngineFullCoverageTests.BuildCommand_and_ExecuteCommand_Wrappers" computerName="PC17" duration="00:00:00.0033780" startTime="2025-09-27T15:49:50.3324143+10:00" endTime="2025-09-27T15:49:50.3324145+10:00" testType="13cdc9d9-ddb5-4fa4-a97d-d965ccfc6d4b" outcome="Passed" testListId="8c84fa94-04c1-424b-9868-57a2d4851a1d" relativeResultsDirectory="8e2e42f0-f8a2-4ca3-b26d-281614ba7de8" />
    <UnitTestResult executionId="043a1242-c844-47d0-b650-558bbaf5a3a6" testId="ed522a11-dab3-4b0c-7919-93d9208f550c" testName="EngineNet.Tests.MainViewModelTests.PromptEventShowsAndSubmitProvidesAnswer" computerName="PC17" duration="00:00:00.0030549" startTime="2025-09-27T15:49:50.2687182+10:00" endTime="2025-09-27T15:49:50.2687184+10:00" testType="13cdc9d9-ddb5-4fa4-a97d-d965ccfc6d4b" outcome="Passed" testListId="8c84fa94-04c1-424b-9868-57a2d4851a1d" relativeResultsDirectory="043a1242-c844-47d0-b650-558bbaf5a3a6" />
    <UnitTestResult executionId="9ce284ed-3452-4b8e-b11b-089f1c849ff9" testId="d6a93a74-fd4a-48fa-c4c3-c63a2419e714" testName="EngineNet.Tests.ToolsDownloaderTests.ProcessAsync_SkipsDownloadAndUpdatesLockFile" computerName="PC17" duration="00:00:00.0357689" startTime="2025-09-27T15:49:50.2393879+10:00" endTime="2025-09-27T15:49:50.2393881+10:00" testType="13cdc9d9-ddb5-4fa4-a97d-d965ccfc6d4b" outcome="Passed" testListId="8c84fa94-04c1-424b-9868-57a2d4851a1d" relativeResultsDirectory="9ce284ed-3452-4b8e-b11b-089f1c849ff9" />
    <UnitTestResult executionId="f9bb56ac-694c-4736-98cc-58cea9b5672a" testId="e039e900-a6a3-1f68-4403-62cd4b13064a" testName="EngineNet.Tests.OperationsEngineFullCoverageTests.RunSingleOperationAsync_Covers_All_Types" computerName="PC17" duration="00:00:00.0707125" startTime="2025-09-27T15:49:51.4701860+10:00" endTime="2025-09-27T15:49:51.4701863+10:00" testType="13cdc9d9-ddb5-4fa4-a97d-d965ccfc6d4b" outcome="Passed" testListId="8c84fa94-04c1-424b-9868-57a2d4851a1d" relativeResultsDirectory="f9bb56ac-694c-4736-98cc-58cea9b5672a" />
    <UnitTestResult executionId="0f20a953-1e69-42b7-9aaa-c5529ab1e7eb" testId="f5e6a149-f868-bea9-f650-5629eecbb277" testName="EngineNet.Tests.OperationsEngineFullCoverageTests.ExecuteEngineOperationAsync_DownloadTools_MissingManifest_ReturnsFalse" computerName="PC17" duration="00:00:00.0020868" startTime="2025-09-27T15:49:50.3345526+10:00" endTime="2025-09-27T15:49:50.3345528+10:00" testType="13cdc9d9-ddb5-4fa4-a97d-d965ccfc6d4b" outcome="Passed" testListId="8c84fa94-04c1-424b-9868-57a2d4851a1d" relativeResultsDirectory="0f20a953-1e69-42b7-9aaa-c5529ab1e7eb" />
    <UnitTestResult executionId="d6f1b242-bb79-405f-a72c-aa0e2b77b512" testId="a1d19a80-6c7b-6b8b-d365-265577cc6826" testName="EngineNet.Tests.CommandBuilderTests.Build_Uses_Module_ConfigToml_Placeholders" computerName="PC17" duration="00:00:00.0020108" startTime="2025-09-27T15:49:50.2176954+10:00" endTime="2025-09-27T15:49:50.2176955+10:00" testType="13cdc9d9-ddb5-4fa4-a97d-d965ccfc6d4b" outcome="Passed" testListId="8c84fa94-04c1-424b-9868-57a2d4851a1d" relativeResultsDirectory="d6f1b242-bb79-405f-a72c-aa0e2b77b512" />
    <UnitTestResult executionId="b147f61d-38d2-4503-b1b1-d44ed778c52e" testId="70c3d111-4ccc-c6db-eb34-d771288c18bf" testName="EngineNet.Tests.CommandBuilderTests.Build_Throws_When_NoGameLoaded" computerName="PC17" duration="00:00:00.0004486" startTime="2025-09-27T15:49:50.2121183+10:00" endTime="2025-09-27T15:49:50.2121184+10:00" testType="13cdc9d9-ddb5-4fa4-a97d-d965ccfc6d4b" outcome="Passed" testListId="8c84fa94-04c1-424b-9868-57a2d4851a1d" relativeResultsDirectory="b147f61d-38d2-4503-b1b1-d44ed778c52e" />
    <UnitTestResult executionId="484df895-4556-4efe-8ebb-a6f9329c83fe" testId="ce9f66f6-6d08-ce8c-e244-48f0a0cd56e9" testName="EngineNet.Tests.PlaceholdersTests.Resolve_LeavesUnknownTokens" computerName="PC17" duration="00:00:00.0000641" startTime="2025-09-27T15:49:50.2177804+10:00" endTime="2025-09-27T15:49:50.2177804+10:00" testType="13cdc9d9-ddb5-4fa4-a97d-d965ccfc6d4b" outcome="Passed" testListId="8c84fa94-04c1-424b-9868-57a2d4851a1d" relativeResultsDirectory="484df895-4556-4efe-8ebb-a6f9329c83fe" />
    <UnitTestResult executionId="e3c17c0c-245e-4b0a-b65f-d07bb44b394e" testId="5654e402-2775-d388-7ea1-bc91bf66c672" testName="EngineNet.Tests.PlaceholdersTests.Resolve_ReplacesSimpleTokens" computerName="PC17" duration="00:00:00.0084870" startTime="2025-09-27T15:49:50.2121518+10:00" endTime="2025-09-27T15:49:50.2121518+10:00" testType="13cdc9d9-ddb5-4fa4-a97d-d965ccfc6d4b" outcome="Passed" testListId="8c84fa94-04c1-424b-9868-57a2d4851a1d" relativeResultsDirectory="e3c17c0c-245e-4b0a-b65f-d07bb44b394e" />
    <UnitTestResult executionId="eebdb11a-07c8-4348-92c5-58cb26ee471b" testId="18547971-3b39-62b3-9389-dad6219d1ef6" testName="EngineNet.Tests.RegistriesTests.DiscoverInstalledGames_Requires_Valid_GameToml_And_Exe" computerName="PC17" duration="00:00:00.0092182" startTime="2025-09-27T15:49:50.2176777+10:00" endTime="2025-09-27T15:49:50.2176778+10:00" testType="13cdc9d9-ddb5-4fa4-a97d-d965ccfc6d4b" outcome="Passed" testListId="8c84fa94-04c1-424b-9868-57a2d4851a1d" relativeResultsDirectory="eebdb11a-07c8-4348-92c5-58cb26ee471b" />
    <UnitTestResult executionId="27bf2f68-79d7-4613-a8ea-9809a0d7e1c1" testId="8cecdeb1-8d3c-fb21-ae34-bb360e325cef" testName="EngineNet.Tests.OperationsEngineFullCoverageTests.RunSingleOperationAsync_Engine_ExceptionHandled" computerName="PC17" duration="00:00:00.0022393" startTime="2025-09-27T15:49:50.2473611+10:00" endTime="2025-09-27T15:49:50.2473613+10:00" testType="13cdc9d9-ddb5-4fa4-a97d-d965ccfc6d4b" outcome="Passed" testListId="8c84fa94-04c1-424b-9868-57a2d4851a1d" relativeResultsDirectory="27bf2f68-79d7-4613-a8ea-9809a0d7e1c1" />
    <UnitTestResult executionId="de3bffbf-0e7b-45da-9025-6c7fc431fc4e" testId="e513879c-d5c1-de71-cfa0-3ae11f59aa92" testName="EngineNet.Tests.EngineConfigTests.LoadJsonFile_ReturnsEmpty_WhenMissingOrInvalid" computerName="PC17" duration="00:00:00.0035362" startTime="2025-09-27T15:49:50.2177933+10:00" endTime="2025-09-27T15:49:50.2177933+10:00" testType="13cdc9d9-ddb5-4fa4-a97d-d965ccfc6d4b" outcome="Passed" testListId="8c84fa94-04c1-424b-9868-57a2d4851a1d" relativeResultsDirectory="de3bffbf-0e7b-45da-9025-6c7fc431fc4e" />
    <UnitTestResult executionId="7b13dedd-91df-4dac-be9b-90151b953b8a" testId="43e3986e-2105-9878-df0d-fa269deb29f4" testName="EngineNet.Tests.SimpleTomlTests.ReadTools_ParsesMultipleToolTables" computerName="PC17" duration="00:00:00.0071369" startTime="2025-09-27T15:49:50.2108328+10:00" endTime="2025-09-27T15:49:50.2108329+10:00" testType="13cdc9d9-ddb5-4fa4-a97d-d965ccfc6d4b" outcome="Passed" testListId="8c84fa94-04c1-424b-9868-57a2d4851a1d" relativeResultsDirectory="7b13dedd-91df-4dac-be9b-90151b953b8a" />
    <UnitTestResult executionId="2ef7eb41-3a70-43f8-b806-9f99dccbb8b7" testId="ff46a674-c7e1-6456-1309-f671872711df" testName="EngineNet.Tests.OperationsEngineFullCoverageTests.ExecuteEngineOperationAsync_All_Cases" computerName="PC17" duration="00:00:00.0092431" startTime="2025-09-27T15:49:50.3207612+10:00" endTime="2025-09-27T15:49:50.3207613+10:00" testType="13cdc9d9-ddb5-4fa4-a97d-d965ccfc6d4b" outcome="Passed" testListId="8c84fa94-04c1-424b-9868-57a2d4851a1d" relativeResultsDirectory="2ef7eb41-3a70-43f8-b806-9f99dccbb8b7" />
    <UnitTestResult executionId="b5e584d2-3d8c-4e83-9f38-a805bf8cad19" testId="a6e2b031-6cad-5a54-d5aa-52f2f1a26fae" testName="EngineNet.Tests.PlaceholdersTests.Resolve_RecursesCollections" computerName="PC17" duration="00:00:00.0027995" startTime="2025-09-27T15:49:50.2177597+10:00" endTime="2025-09-27T15:49:50.2177597+10:00" testType="13cdc9d9-ddb5-4fa4-a97d-d965ccfc6d4b" outcome="Passed" testListId="8c84fa94-04c1-424b-9868-57a2d4851a1d" relativeResultsDirectory="b5e584d2-3d8c-4e83-9f38-a805bf8cad19" />
    <UnitTestResult executionId="994eecb7-6a39-477e-9f9e-abece96a03a0" testId="129f75cc-fc43-ea5e-f08b-cde15b596deb" testName="EngineNet.Tests.OperationsEngineFullCoverageTests.ReloadProjectConfig_All_Paths" computerName="PC17" duration="00:00:00.0174837" startTime="2025-09-27T15:49:50.2211150+10:00" endTime="2025-09-27T15:49:50.2211153+10:00" testType="13cdc9d9-ddb5-4fa4-a97d-d965ccfc6d4b" outcome="Passed" testListId="8c84fa94-04c1-424b-9868-57a2d4851a1d" relativeResultsDirectory="994eecb7-6a39-477e-9f9e-abece96a03a0" />
    <UnitTestResult executionId="a561f0f7-1344-4e26-aa36-cfb976187148" testId="30a176aa-492d-8451-d25e-c6d51656ed30" testName="EngineNet.Tests.CommandBuilderTests.Build_Maps_Prompts_With_Conditions" computerName="PC17" duration="00:00:00.0079892" startTime="2025-09-27T15:49:50.2116157+10:00" endTime="2025-09-27T15:49:50.2116159+10:00" testType="13cdc9d9-ddb5-4fa4-a97d-d965ccfc6d4b" outcome="Passed" testListId="8c84fa94-04c1-424b-9868-57a2d4851a1d" relativeResultsDirectory="a561f0f7-1344-4e26-aa36-cfb976187148" />
  </Results>
  <TestDefinitions>
    <UnitTest name="EngineNet.Tests.ToolsDownloaderTests.ProcessAsync_SkipsDownloadAndUpdatesLockFile" storage="a:\dev\github\yggdrasil-au\public\remakeengine\remakeengine\enginenet.tests\bin\debug\net8.0\enginenet.tests.dll" id="d6a93a74-fd4a-48fa-c4c3-c63a2419e714">
      <Execution id="9ce284ed-3452-4b8e-b11b-089f1c849ff9" />
      <TestMethod codeBase="A:\Dev\github\yggdrasil-au\public\RemakeEngine\RemakeEngine\EngineNet.Tests\bin\Debug\net8.0\EngineNet.Tests.dll" adapterTypeName="executor://xunit/VsTestRunner2/netcoreapp" className="EngineNet.Tests.ToolsDownloaderTests" name="ProcessAsync_SkipsDownloadAndUpdatesLockFile" />
    </UnitTest>
    <UnitTest name="EngineNet.Tests.ProcessRunnerTests.Execute_Echoes_Output_And_Parses_Events" storage="a:\dev\github\yggdrasil-au\public\remakeengine\remakeengine\enginenet.tests\bin\debug\net8.0\enginenet.tests.dll" id="0e5d25b1-6332-4a56-3f79-bba86ee32a2d">
      <Execution id="81dbd482-bc15-417d-8c50-cdf5352b60c1" />
      <TestMethod codeBase="A:\Dev\github\yggdrasil-au\public\RemakeEngine\RemakeEngine\EngineNet.Tests\bin\Debug\net8.0\EngineNet.Tests.dll" adapterTypeName="executor://xunit/VsTestRunner2/netcoreapp" className="EngineNet.Tests.ProcessRunnerTests" name="Execute_Echoes_Output_And_Parses_Events" />
    </UnitTest>
    <UnitTest name="EngineNet.Tests.OperationsEngineFullCoverageTests.LoadOperationsList_Json_Array_Types_Coverage" storage="a:\dev\github\yggdrasil-au\public\remakeengine\remakeengine\enginenet.tests\bin\debug\net8.0\enginenet.tests.dll" id="5f5306e1-bd7c-ecd9-f655-8fdfc5c21d1a">
      <Execution id="21745706-5a27-4cc4-baef-2a5877cb55a6" />
      <TestMethod codeBase="A:\Dev\github\yggdrasil-au\public\RemakeEngine\RemakeEngine\EngineNet.Tests\bin\Debug\net8.0\EngineNet.Tests.dll" adapterTypeName="executor://xunit/VsTestRunner2/netcoreapp" className="EngineNet.Tests.OperationsEngineFullCoverageTests" name="LoadOperationsList_Json_Array_Types_Coverage" />
    </UnitTest>
    <UnitTest name="EngineNet.Tests.OperationsEngineFullCoverageTests.GetRegisteredModules_Covers_Method" storage="a:\dev\github\yggdrasil-au\public\remakeengine\remakeengine\enginenet.tests\bin\debug\net8.0\enginenet.tests.dll" id="a7d5f1a3-8dbc-cd97-2d4d-f5382b6649e9">
      <Execution id="2ffe2ca0-5310-47aa-b2cd-46645662bd08" />
      <TestMethod codeBase="A:\Dev\github\yggdrasil-au\public\RemakeEngine\RemakeEngine\EngineNet.Tests\bin\Debug\net8.0\EngineNet.Tests.dll" adapterTypeName="executor://xunit/VsTestRunner2/netcoreapp" className="EngineNet.Tests.OperationsEngineFullCoverageTests" name="GetRegisteredModules_Covers_Method" />
    </UnitTest>
    <UnitTest name="EngineNet.Tests.CommandBuilderTests.Build_ReturnsEmpty_When_NoScript" storage="a:\dev\github\yggdrasil-au\public\remakeengine\remakeengine\enginenet.tests\bin\debug\net8.0\enginenet.tests.dll" id="b67ef712-351e-7e57-d08a-d44b448cf480">
      <Execution id="ec6a20a5-d841-46ae-ae43-2733e6fabbcd" />
      <TestMethod codeBase="A:\Dev\github\yggdrasil-au\public\RemakeEngine\RemakeEngine\EngineNet.Tests\bin\Debug\net8.0\EngineNet.Tests.dll" adapterTypeName="executor://xunit/VsTestRunner2/netcoreapp" className="EngineNet.Tests.CommandBuilderTests" name="Build_ReturnsEmpty_When_NoScript" />
    </UnitTest>
    <UnitTest name="EngineNet.Tests.MainViewModelTests.InitializesPlaceholdersWhenNoGamesOrModules" storage="a:\dev\github\yggdrasil-au\public\remakeengine\remakeengine\enginenet.tests\bin\debug\net8.0\enginenet.tests.dll" id="1206af9f-d132-5453-b574-866f665d64c5">
      <Execution id="4139d299-c5db-4e93-a5c2-ed0e5afb2fee" />
      <TestMethod codeBase="A:\Dev\github\yggdrasil-au\public\RemakeEngine\RemakeEngine\EngineNet.Tests\bin\Debug\net8.0\EngineNet.Tests.dll" adapterTypeName="executor://xunit/VsTestRunner2/netcoreapp" className="EngineNet.Tests.MainViewModelTests" name="InitializesPlaceholdersWhenNoGamesOrModules" />
    </UnitTest>
    <UnitTest name="EngineNet.Tests.CommandBuilderTests.Build_Throws_When_UnknownGame" storage="a:\dev\github\yggdrasil-au\public\remakeengine\remakeengine\enginenet.tests\bin\debug\net8.0\enginenet.tests.dll" id="59a60383-6d7c-6133-bd4b-5d84f788a41b">
      <Execution id="01fba904-8198-4971-a14a-27355edc8054" />
      <TestMethod codeBase="A:\Dev\github\yggdrasil-au\public\RemakeEngine\RemakeEngine\EngineNet.Tests\bin\Debug\net8.0\EngineNet.Tests.dll" adapterTypeName="executor://xunit/VsTestRunner2/netcoreapp" className="EngineNet.Tests.CommandBuilderTests" name="Build_Throws_When_UnknownGame" />
    </UnitTest>
    <UnitTest name="EngineNet.Tests.OperationsEngineFullCoverageTests.ExecuteEngineOperationAsync_DownloadTools_MissingManifest_ReturnsFalse" storage="a:\dev\github\yggdrasil-au\public\remakeengine\remakeengine\enginenet.tests\bin\debug\net8.0\enginenet.tests.dll" id="f5e6a149-f868-bea9-f650-5629eecbb277">
      <Execution id="0f20a953-1e69-42b7-9aaa-c5529ab1e7eb" />
      <TestMethod codeBase="A:\Dev\github\yggdrasil-au\public\RemakeEngine\RemakeEngine\EngineNet.Tests\bin\Debug\net8.0\EngineNet.Tests.dll" adapterTypeName="executor://xunit/VsTestRunner2/netcoreapp" className="EngineNet.Tests.OperationsEngineFullCoverageTests" name="ExecuteEngineOperationAsync_DownloadTools_MissingManifest_ReturnsFalse" />
    </UnitTest>
    <UnitTest name="EngineNet.Tests.OperationsEngineFullCoverageTests.DownloadModule_Invokes_Git" storage="a:\dev\github\yggdrasil-au\public\remakeengine\remakeengine\enginenet.tests\bin\debug\net8.0\enginenet.tests.dll" id="439f59a5-1e68-a99b-c24c-aa77fcb085bf">
      <Execution id="f8d29d33-9777-4408-b5de-bf2565112ead" />
      <TestMethod codeBase="A:\Dev\github\yggdrasil-au\public\RemakeEngine\RemakeEngine\EngineNet.Tests\bin\Debug\net8.0\EngineNet.Tests.dll" adapterTypeName="executor://xunit/VsTestRunner2/netcoreapp" className="EngineNet.Tests.OperationsEngineFullCoverageTests" name="DownloadModule_Invokes_Git" />
    </UnitTest>
    <UnitTest name="EngineNet.Tests.MainViewModelTests.InstallCommandAddsRowAndUpdatesProgress" storage="a:\dev\github\yggdrasil-au\public\remakeengine\remakeengine\enginenet.tests\bin\debug\net8.0\enginenet.tests.dll" id="26e86a54-34a7-0820-0a5d-38c034d56d98">
      <Execution id="4ce2c9e9-f3c4-4cd6-8cdb-fa0be707096d" />
      <TestMethod codeBase="A:\Dev\github\yggdrasil-au\public\RemakeEngine\RemakeEngine\EngineNet.Tests\bin\Debug\net8.0\EngineNet.Tests.dll" adapterTypeName="executor://xunit/VsTestRunner2/netcoreapp" className="EngineNet.Tests.MainViewModelTests" name="InstallCommandAddsRowAndUpdatesProgress" />
    </UnitTest>
    <UnitTest name="EngineNet.Tests.OperationsEngineFullCoverageTests.InstallModuleAsync_Paths" storage="a:\dev\github\yggdrasil-au\public\remakeengine\remakeengine\enginenet.tests\bin\debug\net8.0\enginenet.tests.dll" id="cd7e7686-8a05-bac9-ea8f-f9bb638ad10b">
      <Execution id="bb026726-a43f-4b00-a182-451edf3afa6d" />
      <TestMethod codeBase="A:\Dev\github\yggdrasil-au\public\RemakeEngine\RemakeEngine\EngineNet.Tests\bin\Debug\net8.0\EngineNet.Tests.dll" adapterTypeName="executor://xunit/VsTestRunner2/netcoreapp" className="EngineNet.Tests.OperationsEngineFullCoverageTests" name="InstallModuleAsync_Paths" />
    </UnitTest>
    <UnitTest name="EngineNet.Tests.OperationsEngineFullCoverageTests.InstallModuleAsync_JsonArray_Flattens" storage="a:\dev\github\yggdrasil-au\public\remakeengine\remakeengine\enginenet.tests\bin\debug\net8.0\enginenet.tests.dll" id="fead6ed0-87bc-0f57-c4bb-166c267df20e">
      <Execution id="55c7804d-ec70-4868-845e-9bf5fcf488bd" />
      <TestMethod codeBase="A:\Dev\github\yggdrasil-au\public\RemakeEngine\RemakeEngine\EngineNet.Tests\bin\Debug\net8.0\EngineNet.Tests.dll" adapterTypeName="executor://xunit/VsTestRunner2/netcoreapp" className="EngineNet.Tests.OperationsEngineFullCoverageTests" name="InstallModuleAsync_JsonArray_Flattens" />
    </UnitTest>
    <UnitTest name="EngineNet.Tests.CommandBuilderTests.Build_Throws_When_NoGameLoaded" storage="a:\dev\github\yggdrasil-au\public\remakeengine\remakeengine\enginenet.tests\bin\debug\net8.0\enginenet.tests.dll" id="70c3d111-4ccc-c6db-eb34-d771288c18bf">
      <Execution id="b147f61d-38d2-4503-b1b1-d44ed778c52e" />
      <TestMethod codeBase="A:\Dev\github\yggdrasil-au\public\RemakeEngine\RemakeEngine\EngineNet.Tests\bin\Debug\net8.0\EngineNet.Tests.dll" adapterTypeName="executor://xunit/VsTestRunner2/netcoreapp" className="EngineNet.Tests.CommandBuilderTests" name="Build_Throws_When_NoGameLoaded" />
    </UnitTest>
    <UnitTest name="EngineNet.Tests.OperationsEngineFullCoverageTests.RunOperationGroupAsync_Aggregates_Success" storage="a:\dev\github\yggdrasil-au\public\remakeengine\remakeengine\enginenet.tests\bin\debug\net8.0\enginenet.tests.dll" id="f35cdd57-bbac-d13c-c8a7-09726a484e46">
      <Execution id="ab5a502b-a9c1-4230-a8e5-f0a709895c86" />
      <TestMethod codeBase="A:\Dev\github\yggdrasil-au\public\RemakeEngine\RemakeEngine\EngineNet.Tests\bin\Debug\net8.0\EngineNet.Tests.dll" adapterTypeName="executor://xunit/VsTestRunner2/netcoreapp" className="EngineNet.Tests.OperationsEngineFullCoverageTests" name="RunOperationGroupAsync_Aggregates_Success" />
    </UnitTest>
    <UnitTest name="EngineNet.Tests.OperationsEngineFullCoverageTests.ExecuteEngineOperationAsync_All_Cases" storage="a:\dev\github\yggdrasil-au\public\remakeengine\remakeengine\enginenet.tests\bin\debug\net8.0\enginenet.tests.dll" id="ff46a674-c7e1-6456-1309-f671872711df">
      <Execution id="2ef7eb41-3a70-43f8-b806-9f99dccbb8b7" />
      <TestMethod codeBase="A:\Dev\github\yggdrasil-au\public\RemakeEngine\RemakeEngine\EngineNet.Tests\bin\Debug\net8.0\EngineNet.Tests.dll" adapterTypeName="executor://xunit/VsTestRunner2/netcoreapp" className="EngineNet.Tests.OperationsEngineFullCoverageTests" name="ExecuteEngineOperationAsync_All_Cases" />
    </UnitTest>
    <UnitTest name="EngineNet.Tests.OperationsEngineFullCoverageTests.ReloadProjectConfig_All_Paths" storage="a:\dev\github\yggdrasil-au\public\remakeengine\remakeengine\enginenet.tests\bin\debug\net8.0\enginenet.tests.dll" id="129f75cc-fc43-ea5e-f08b-cde15b596deb">
      <Execution id="994eecb7-6a39-477e-9f9e-abece96a03a0" />
      <TestMethod codeBase="A:\Dev\github\yggdrasil-au\public\RemakeEngine\RemakeEngine\EngineNet.Tests\bin\Debug\net8.0\EngineNet.Tests.dll" adapterTypeName="executor://xunit/VsTestRunner2/netcoreapp" className="EngineNet.Tests.OperationsEngineFullCoverageTests" name="ReloadProjectConfig_All_Paths" />
    </UnitTest>
    <UnitTest name="EngineNet.Tests.RegistriesTests.DiscoverInstalledGames_Requires_Valid_GameToml_And_Exe" storage="a:\dev\github\yggdrasil-au\public\remakeengine\remakeengine\enginenet.tests\bin\debug\net8.0\enginenet.tests.dll" id="18547971-3b39-62b3-9389-dad6219d1ef6">
      <Execution id="eebdb11a-07c8-4348-92c5-58cb26ee471b" />
      <TestMethod codeBase="A:\Dev\github\yggdrasil-au\public\RemakeEngine\RemakeEngine\EngineNet.Tests\bin\Debug\net8.0\EngineNet.Tests.dll" adapterTypeName="executor://xunit/VsTestRunner2/netcoreapp" className="EngineNet.Tests.RegistriesTests" name="DiscoverInstalledGames_Requires_Valid_GameToml_And_Exe" />
    </UnitTest>
    <UnitTest name="EngineNet.Tests.OperationsEngineFullCoverageTests.InstallModuleAsync_Groups_No_RunAll_Chooses_First" storage="a:\dev\github\yggdrasil-au\public\remakeengine\remakeengine\enginenet.tests\bin\debug\net8.0\enginenet.tests.dll" id="ea447854-7f3c-0f75-6101-4783ce6b04f3">
      <Execution id="70aa200b-bbcb-4e81-a41c-021b29410691" />
      <TestMethod codeBase="A:\Dev\github\yggdrasil-au\public\RemakeEngine\RemakeEngine\EngineNet.Tests\bin\Debug\net8.0\EngineNet.Tests.dll" adapterTypeName="executor://xunit/VsTestRunner2/netcoreapp" className="EngineNet.Tests.OperationsEngineFullCoverageTests" name="InstallModuleAsync_Groups_No_RunAll_Chooses_First" />
    </UnitTest>
    <UnitTest name="EngineNet.Tests.OperationsEngineTests.LoadOperations_Parses_Json_Grouped" storage="a:\dev\github\yggdrasil-au\public\remakeengine\remakeengine\enginenet.tests\bin\debug\net8.0\enginenet.tests.dll" id="f22fecce-9e05-0c16-323d-886acf60f114">
      <Execution id="a1972654-7341-4edd-aebc-48c40f9c3665" />
      <TestMethod codeBase="A:\Dev\github\yggdrasil-au\public\RemakeEngine\RemakeEngine\EngineNet.Tests\bin\Debug\net8.0\EngineNet.Tests.dll" adapterTypeName="executor://xunit/VsTestRunner2/netcoreapp" className="EngineNet.Tests.OperationsEngineTests" name="LoadOperations_Parses_Json_Grouped" />
    </UnitTest>
    <UnitTest name="EngineNet.Tests.EngineConfigTests.LoadJsonFile_ReturnsEmpty_WhenMissingOrInvalid" storage="a:\dev\github\yggdrasil-au\public\remakeengine\remakeengine\enginenet.tests\bin\debug\net8.0\enginenet.tests.dll" id="e513879c-d5c1-de71-cfa0-3ae11f59aa92">
      <Execution id="de3bffbf-0e7b-45da-9025-6c7fc431fc4e" />
      <TestMethod codeBase="A:\Dev\github\yggdrasil-au\public\RemakeEngine\RemakeEngine\EngineNet.Tests\bin\Debug\net8.0\EngineNet.Tests.dll" adapterTypeName="executor://xunit/VsTestRunner2/netcoreapp" className="EngineNet.Tests.EngineConfigTests" name="LoadJsonFile_ReturnsEmpty_WhenMissingOrInvalid" />
    </UnitTest>
    <UnitTest name="EngineNet.Tests.EngineConfigTests.LoadJsonFile_ParsesNested" storage="a:\dev\github\yggdrasil-au\public\remakeengine\remakeengine\enginenet.tests\bin\debug\net8.0\enginenet.tests.dll" id="3020bb36-e0a3-b224-bdaa-73c076bdbefb">
      <Execution id="41bcc0e3-74f5-458a-9369-210f25ecd00d" />
      <TestMethod codeBase="A:\Dev\github\yggdrasil-au\public\RemakeEngine\RemakeEngine\EngineNet.Tests\bin\Debug\net8.0\EngineNet.Tests.dll" adapterTypeName="executor://xunit/VsTestRunner2/netcoreapp" className="EngineNet.Tests.EngineConfigTests" name="LoadJsonFile_ParsesNested" />
    </UnitTest>
    <UnitTest name="EngineNet.Tests.RegistriesTests.DiscoverGames_Finds_Toml_And_Json" storage="a:\dev\github\yggdrasil-au\public\remakeengine\remakeengine\enginenet.tests\bin\debug\net8.0\enginenet.tests.dll" id="17828155-9e23-b08a-e9bd-da99810ac0fb">
      <Execution id="3257d09c-3fe1-4b35-8fad-763284e32717" />
      <TestMethod codeBase="A:\Dev\github\yggdrasil-au\public\RemakeEngine\RemakeEngine\EngineNet.Tests\bin\Debug\net8.0\EngineNet.Tests.dll" adapterTypeName="executor://xunit/VsTestRunner2/netcoreapp" className="EngineNet.Tests.RegistriesTests" name="DiscoverGames_Finds_Toml_And_Json" />
    </UnitTest>
    <UnitTest name="EngineNet.Tests.OperationsEngineFullCoverageTests.ListGames_and_InstalledGames_and_States" storage="a:\dev\github\yggdrasil-au\public\remakeengine\remakeengine\enginenet.tests\bin\debug\net8.0\enginenet.tests.dll" id="96b60375-4c3b-d433-ea7e-a1a6ea86dfa6">
      <Execution id="b0e437de-cb03-43c9-816f-93fc81fae23d" />
      <TestMethod codeBase="A:\Dev\github\yggdrasil-au\public\RemakeEngine\RemakeEngine\EngineNet.Tests\bin\Debug\net8.0\EngineNet.Tests.dll" adapterTypeName="executor://xunit/VsTestRunner2/netcoreapp" className="EngineNet.Tests.OperationsEngineFullCoverageTests" name="ListGames_and_InstalledGames_and_States" />
    </UnitTest>
    <UnitTest name="EngineNet.Tests.OperationsEngineFullCoverageTests.RunSingleOperationAsync_Engine_ExceptionHandled" storage="a:\dev\github\yggdrasil-au\public\remakeengine\remakeengine\enginenet.tests\bin\debug\net8.0\enginenet.tests.dll" id="8cecdeb1-8d3c-fb21-ae34-bb360e325cef">
      <Execution id="27bf2f68-79d7-4613-a8ea-9809a0d7e1c1" />
      <TestMethod codeBase="A:\Dev\github\yggdrasil-au\public\RemakeEngine\RemakeEngine\EngineNet.Tests\bin\Debug\net8.0\EngineNet.Tests.dll" adapterTypeName="executor://xunit/VsTestRunner2/netcoreapp" className="EngineNet.Tests.OperationsEngineFullCoverageTests" name="RunSingleOperationAsync_Engine_ExceptionHandled" />
    </UnitTest>
    <UnitTest name="EngineNet.Tests.OperationsEngineTests.LoadOperationsList_Parses_Toml_Array_Of_Tables" storage="a:\dev\github\yggdrasil-au\public\remakeengine\remakeengine\enginenet.tests\bin\debug\net8.0\enginenet.tests.dll" id="95c7e351-a8f8-4a01-5797-e6a55a184861">
      <Execution id="21eae56d-151b-4cd0-9544-0fd2a08c0e41" />
      <TestMethod codeBase="A:\Dev\github\yggdrasil-au\public\RemakeEngine\RemakeEngine\EngineNet.Tests\bin\Debug\net8.0\EngineNet.Tests.dll" adapterTypeName="executor://xunit/VsTestRunner2/netcoreapp" className="EngineNet.Tests.OperationsEngineTests" name="LoadOperationsList_Parses_Toml_Array_Of_Tables" />
    </UnitTest>
    <UnitTest name="EngineNet.Tests.CommandBuilderTests.Build_Defaults_To_Python_And_Resolves_Placeholders" storage="a:\dev\github\yggdrasil-au\public\remakeengine\remakeengine\enginenet.tests\bin\debug\net8.0\enginenet.tests.dll" id="8ac54234-2fe4-66e7-3064-0fe93ea0c7f3">
      <Execution id="f1cf8caa-39c3-43ae-8b61-50fdc5c89a1b" />
      <TestMethod codeBase="A:\Dev\github\yggdrasil-au\public\RemakeEngine\RemakeEngine\EngineNet.Tests\bin\Debug\net8.0\EngineNet.Tests.dll" adapterTypeName="executor://xunit/VsTestRunner2/netcoreapp" className="EngineNet.Tests.CommandBuilderTests" name="Build_Defaults_To_Python_And_Resolves_Placeholders" />
    </UnitTest>
    <UnitTest name="EngineNet.Tests.JsonToolResolverTests.PassthroughResolver_ReturnsToolId" storage="a:\dev\github\yggdrasil-au\public\remakeengine\remakeengine\enginenet.tests\bin\debug\net8.0\enginenet.tests.dll" id="ac9d4e11-ec2d-ef55-3c8f-eb71e1fa34d8">
      <Execution id="5c5dc4fb-9f6e-4f31-b082-8e1d269e14fe" />
      <TestMethod codeBase="A:\Dev\github\yggdrasil-au\public\RemakeEngine\RemakeEngine\EngineNet.Tests\bin\Debug\net8.0\EngineNet.Tests.dll" adapterTypeName="executor://xunit/VsTestRunner2/netcoreapp" className="EngineNet.Tests.JsonToolResolverTests" name="PassthroughResolver_ReturnsToolId" />
    </UnitTest>
    <UnitTest name="EngineNet.Tests.EngineConfigTests.Reload_ReflectsLatestFileContents" storage="a:\dev\github\yggdrasil-au\public\remakeengine\remakeengine\enginenet.tests\bin\debug\net8.0\enginenet.tests.dll" id="36eaf8b6-85ba-84f7-edce-011edbf2a215">
      <Execution id="69524ce5-6754-4bbf-b684-2f1ddc98c84b" />
      <TestMethod codeBase="A:\Dev\github\yggdrasil-au\public\RemakeEngine\RemakeEngine\EngineNet.Tests\bin\Debug\net8.0\EngineNet.Tests.dll" adapterTypeName="executor://xunit/VsTestRunner2/netcoreapp" className="EngineNet.Tests.EngineConfigTests" name="Reload_ReflectsLatestFileContents" />
    </UnitTest>
    <UnitTest name="EngineNet.Tests.OperationsEngineFullCoverageTests.RunSingleOperationAsync_Python_Case_Label" storage="a:\dev\github\yggdrasil-au\public\remakeengine\remakeengine\enginenet.tests\bin\debug\net8.0\enginenet.tests.dll" id="111c0219-f2b6-ba06-5933-a5ac22b73028">
      <Execution id="38997427-d6ae-432a-abc2-4762ac0eacce" />
      <TestMethod codeBase="A:\Dev\github\yggdrasil-au\public\RemakeEngine\RemakeEngine\EngineNet.Tests\bin\Debug\net8.0\EngineNet.Tests.dll" adapterTypeName="executor://xunit/VsTestRunner2/netcoreapp" className="EngineNet.Tests.OperationsEngineFullCoverageTests" name="RunSingleOperationAsync_Python_Case_Label" />
    </UnitTest>
    <UnitTest name="EngineNet.Tests.SimpleTomlTests.ReadTools_ParsesMultipleToolTables" storage="a:\dev\github\yggdrasil-au\public\remakeengine\remakeengine\enginenet.tests\bin\debug\net8.0\enginenet.tests.dll" id="43e3986e-2105-9878-df0d-fa269deb29f4">
      <Execution id="7b13dedd-91df-4dac-be9b-90151b953b8a" />
      <TestMethod codeBase="A:\Dev\github\yggdrasil-au\public\RemakeEngine\RemakeEngine\EngineNet.Tests\bin\Debug\net8.0\EngineNet.Tests.dll" adapterTypeName="executor://xunit/VsTestRunner2/netcoreapp" className="EngineNet.Tests.SimpleTomlTests" name="ReadTools_ParsesMultipleToolTables" />
    </UnitTest>
    <UnitTest name="EngineNet.Tests.OperationsEngineFullCoverageTests.ExecuteEngineOperationAsync_Throws_On_Unknown_Game" storage="a:\dev\github\yggdrasil-au\public\remakeengine\remakeengine\enginenet.tests\bin\debug\net8.0\enginenet.tests.dll" id="24aa07ef-9d34-0e71-f572-9e00fd633652">
      <Execution id="4cd53080-ea2a-4409-b976-f3c6c5ec0cb8" />
      <TestMethod codeBase="A:\Dev\github\yggdrasil-au\public\RemakeEngine\RemakeEngine\EngineNet.Tests\bin\Debug\net8.0\EngineNet.Tests.dll" adapterTypeName="executor://xunit/VsTestRunner2/netcoreapp" className="EngineNet.Tests.OperationsEngineFullCoverageTests" name="ExecuteEngineOperationAsync_Throws_On_Unknown_Game" />
    </UnitTest>
    <UnitTest name="EngineNet.Tests.PlaceholdersTests.Resolve_ReplacesSimpleTokens" storage="a:\dev\github\yggdrasil-au\public\remakeengine\remakeengine\enginenet.tests\bin\debug\net8.0\enginenet.tests.dll" id="5654e402-2775-d388-7ea1-bc91bf66c672">
      <Execution id="e3c17c0c-245e-4b0a-b65f-d07bb44b394e" />
      <TestMethod codeBase="A:\Dev\github\yggdrasil-au\public\RemakeEngine\RemakeEngine\EngineNet.Tests\bin\Debug\net8.0\EngineNet.Tests.dll" adapterTypeName="executor://xunit/VsTestRunner2/netcoreapp" className="EngineNet.Tests.PlaceholdersTests" name="Resolve_ReplacesSimpleTokens" />
    </UnitTest>
    <UnitTest name="EngineNet.Tests.CommandBuilderTests.Build_Maps_Prompts_With_Conditions" storage="a:\dev\github\yggdrasil-au\public\remakeengine\remakeengine\enginenet.tests\bin\debug\net8.0\enginenet.tests.dll" id="30a176aa-492d-8451-d25e-c6d51656ed30">
      <Execution id="a561f0f7-1344-4e26-aa36-cfb976187148" />
      <TestMethod codeBase="A:\Dev\github\yggdrasil-au\public\RemakeEngine\RemakeEngine\EngineNet.Tests\bin\Debug\net8.0\EngineNet.Tests.dll" adapterTypeName="executor://xunit/VsTestRunner2/netcoreapp" className="EngineNet.Tests.CommandBuilderTests" name="Build_Maps_Prompts_With_Conditions" />
    </UnitTest>
    <UnitTest name="EngineNet.Tests.ToolsDownloaderTests.ProcessAsync_UnpacksZipAndCapturesExecutable" storage="a:\dev\github\yggdrasil-au\public\remakeengine\remakeengine\enginenet.tests\bin\debug\net8.0\enginenet.tests.dll" id="7af949fa-42f3-07d2-11bc-e3e66feee965">
      <Execution id="2f7b60cb-f15e-4d8d-85de-46e748e17806" />
      <TestMethod codeBase="A:\Dev\github\yggdrasil-au\public\RemakeEngine\RemakeEngine\EngineNet.Tests\bin\Debug\net8.0\EngineNet.Tests.dll" adapterTypeName="executor://xunit/VsTestRunner2/netcoreapp" className="EngineNet.Tests.ToolsDownloaderTests" name="ProcessAsync_UnpacksZipAndCapturesExecutable" />
    </UnitTest>
    <UnitTest name="EngineNet.Tests.OperationsEngineTests.LoadOperationsList_Parses_Json_Array" storage="a:\dev\github\yggdrasil-au\public\remakeengine\remakeengine\enginenet.tests\bin\debug\net8.0\enginenet.tests.dll" id="1ecbc66c-0727-08c4-b0ea-bac2fc2f5a05">
      <Execution id="e2d25032-68f7-459e-9770-1e77f3bbacbf" />
      <TestMethod codeBase="A:\Dev\github\yggdrasil-au\public\RemakeEngine\RemakeEngine\EngineNet.Tests\bin\Debug\net8.0\EngineNet.Tests.dll" adapterTypeName="executor://xunit/VsTestRunner2/netcoreapp" className="EngineNet.Tests.OperationsEngineTests" name="LoadOperationsList_Parses_Json_Array" />
    </UnitTest>
    <UnitTest name="EngineNet.Tests.OperationsEngineFullCoverageTests.LoadOperations_Toml_Groups_With_Nested_Types" storage="a:\dev\github\yggdrasil-au\public\remakeengine\remakeengine\enginenet.tests\bin\debug\net8.0\enginenet.tests.dll" id="5ad508f9-a57c-bf1f-9543-fea13f09abc7">
      <Execution id="c05d5a1c-deab-43b7-a941-7e1fd65f0dbe" />
      <TestMethod codeBase="A:\Dev\github\yggdrasil-au\public\RemakeEngine\RemakeEngine\EngineNet.Tests\bin\Debug\net8.0\EngineNet.Tests.dll" adapterTypeName="executor://xunit/VsTestRunner2/netcoreapp" className="EngineNet.Tests.OperationsEngineFullCoverageTests" name="LoadOperations_Toml_Groups_With_Nested_Types" />
    </UnitTest>
    <UnitTest name="EngineNet.Tests.OperationsEngineFullCoverageTests.BuildCommand_and_ExecuteCommand_Wrappers" storage="a:\dev\github\yggdrasil-au\public\remakeengine\remakeengine\enginenet.tests\bin\debug\net8.0\enginenet.tests.dll" id="9025050d-60bf-79ee-475c-703dbe7eee0e">
      <Execution id="8e2e42f0-f8a2-4ca3-b26d-281614ba7de8" />
      <TestMethod codeBase="A:\Dev\github\yggdrasil-au\public\RemakeEngine\RemakeEngine\EngineNet.Tests\bin\Debug\net8.0\EngineNet.Tests.dll" adapterTypeName="executor://xunit/VsTestRunner2/netcoreapp" className="EngineNet.Tests.OperationsEngineFullCoverageTests" name="BuildCommand_and_ExecuteCommand_Wrappers" />
    </UnitTest>
    <UnitTest name="EngineNet.Tests.OperationsEngineFullCoverageTests.RunSingleOperationAsync_Covers_All_Types" storage="a:\dev\github\yggdrasil-au\public\remakeengine\remakeengine\enginenet.tests\bin\debug\net8.0\enginenet.tests.dll" id="e039e900-a6a3-1f68-4403-62cd4b13064a">
      <Execution id="f9bb56ac-694c-4736-98cc-58cea9b5672a" />
      <TestMethod codeBase="A:\Dev\github\yggdrasil-au\public\RemakeEngine\RemakeEngine\EngineNet.Tests\bin\Debug\net8.0\EngineNet.Tests.dll" adapterTypeName="executor://xunit/VsTestRunner2/netcoreapp" className="EngineNet.Tests.OperationsEngineFullCoverageTests" name="RunSingleOperationAsync_Covers_All_Types" />
    </UnitTest>
    <UnitTest name="EngineNet.Tests.ToolsJsonSchemaTests.ToolsJson_FollowsExpectedSchema" storage="a:\dev\github\yggdrasil-au\public\remakeengine\remakeengine\enginenet.tests\bin\debug\net8.0\enginenet.tests.dll" id="84da9067-81a4-f8e4-e050-0f39d7ce8a58">
      <Execution id="58c83ebd-4e57-4c52-a0cc-85c3513f8382" />
      <TestMethod codeBase="A:\Dev\github\yggdrasil-au\public\RemakeEngine\RemakeEngine\EngineNet.Tests\bin\Debug\net8.0\EngineNet.Tests.dll" adapterTypeName="executor://xunit/VsTestRunner2/netcoreapp" className="EngineNet.Tests.ToolsJsonSchemaTests" name="ToolsJson_FollowsExpectedSchema" />
    </UnitTest>
    <UnitTest name="EngineNet.Tests.PlaceholdersTests.Resolve_RecursesCollections" storage="a:\dev\github\yggdrasil-au\public\remakeengine\remakeengine\enginenet.tests\bin\debug\net8.0\enginenet.tests.dll" id="a6e2b031-6cad-5a54-d5aa-52f2f1a26fae">
      <Execution id="b5e584d2-3d8c-4e83-9f38-a805bf8cad19" />
      <TestMethod codeBase="A:\Dev\github\yggdrasil-au\public\RemakeEngine\RemakeEngine\EngineNet.Tests\bin\Debug\net8.0\EngineNet.Tests.dll" adapterTypeName="executor://xunit/VsTestRunner2/netcoreapp" className="EngineNet.Tests.PlaceholdersTests" name="Resolve_RecursesCollections" />
    </UnitTest>
    <UnitTest name="EngineNet.Tests.OperationsEngineFullCoverageTests.LoadOperationsList_JsonObject_Flattens_Groups" storage="a:\dev\github\yggdrasil-au\public\remakeengine\remakeengine\enginenet.tests\bin\debug\net8.0\enginenet.tests.dll" id="4ff14dc8-0c01-c8b9-0da8-8845aa1ee661">
      <Execution id="5f530fa8-cdc2-4471-9882-5bb7b3697a12" />
      <TestMethod codeBase="A:\Dev\github\yggdrasil-au\public\RemakeEngine\RemakeEngine\EngineNet.Tests\bin\Debug\net8.0\EngineNet.Tests.dll" adapterTypeName="executor://xunit/VsTestRunner2/netcoreapp" className="EngineNet.Tests.OperationsEngineFullCoverageTests" name="LoadOperationsList_JsonObject_Flattens_Groups" />
    </UnitTest>
    <UnitTest name="EngineNet.Tests.ToolsDownloaderTests.ProcessAsync_ThrowsWhenManifestMissing" storage="a:\dev\github\yggdrasil-au\public\remakeengine\remakeengine\enginenet.tests\bin\debug\net8.0\enginenet.tests.dll" id="e6450159-8faf-83e2-7ff1-bd37b6edd310">
      <Execution id="fdf76884-463d-4673-af22-5aa1849c9ddc" />
      <TestMethod codeBase="A:\Dev\github\yggdrasil-au\public\RemakeEngine\RemakeEngine\EngineNet.Tests\bin\Debug\net8.0\EngineNet.Tests.dll" adapterTypeName="executor://xunit/VsTestRunner2/netcoreapp" className="EngineNet.Tests.ToolsDownloaderTests" name="ProcessAsync_ThrowsWhenManifestMissing" />
    </UnitTest>
    <UnitTest name="EngineNet.Tests.PlaceholdersTests.Resolve_LeavesUnknownTokens" storage="a:\dev\github\yggdrasil-au\public\remakeengine\remakeengine\enginenet.tests\bin\debug\net8.0\enginenet.tests.dll" id="ce9f66f6-6d08-ce8c-e244-48f0a0cd56e9">
      <Execution id="484df895-4556-4efe-8ebb-a6f9329c83fe" />
      <TestMethod codeBase="A:\Dev\github\yggdrasil-au\public\RemakeEngine\RemakeEngine\EngineNet.Tests\bin\Debug\net8.0\EngineNet.Tests.dll" adapterTypeName="executor://xunit/VsTestRunner2/netcoreapp" className="EngineNet.Tests.PlaceholdersTests" name="Resolve_LeavesUnknownTokens" />
    </UnitTest>
    <UnitTest name="EngineNet.Tests.JsonToolResolverTests.ResolveToolPath_UsesMappingsAndFallsBack" storage="a:\dev\github\yggdrasil-au\public\remakeengine\remakeengine\enginenet.tests\bin\debug\net8.0\enginenet.tests.dll" id="3618a08a-a59f-94b6-e0c4-22abccf045a9">
      <Execution id="5264dc10-5f82-449d-bcff-28f343705920" />
      <TestMethod codeBase="A:\Dev\github\yggdrasil-au\public\RemakeEngine\RemakeEngine\EngineNet.Tests\bin\Debug\net8.0\EngineNet.Tests.dll" adapterTypeName="executor://xunit/VsTestRunner2/netcoreapp" className="EngineNet.Tests.JsonToolResolverTests" name="ResolveToolPath_UsesMappingsAndFallsBack" />
    </UnitTest>
    <UnitTest name="EngineNet.Tests.CommandBuilderTests.Build_Uses_Module_ConfigToml_Placeholders" storage="a:\dev\github\yggdrasil-au\public\remakeengine\remakeengine\enginenet.tests\bin\debug\net8.0\enginenet.tests.dll" id="a1d19a80-6c7b-6b8b-d365-265577cc6826">
      <Execution id="d6f1b242-bb79-405f-a72c-aa0e2b77b512" />
      <TestMethod codeBase="A:\Dev\github\yggdrasil-au\public\RemakeEngine\RemakeEngine\EngineNet.Tests\bin\Debug\net8.0\EngineNet.Tests.dll" adapterTypeName="executor://xunit/VsTestRunner2/netcoreapp" className="EngineNet.Tests.CommandBuilderTests" name="Build_Uses_Module_ConfigToml_Placeholders" />
    </UnitTest>
    <UnitTest name="EngineNet.Tests.MainViewModelTests.PromptEventShowsAndSubmitProvidesAnswer" storage="a:\dev\github\yggdrasil-au\public\remakeengine\remakeengine\enginenet.tests\bin\debug\net8.0\enginenet.tests.dll" id="ed522a11-dab3-4b0c-7919-93d9208f550c">
      <Execution id="043a1242-c844-47d0-b650-558bbaf5a3a6" />
      <TestMethod codeBase="A:\Dev\github\yggdrasil-au\public\RemakeEngine\RemakeEngine\EngineNet.Tests\bin\Debug\net8.0\EngineNet.Tests.dll" adapterTypeName="executor://xunit/VsTestRunner2/netcoreapp" className="EngineNet.Tests.MainViewModelTests" name="PromptEventShowsAndSubmitProvidesAnswer" />
    </UnitTest>
  </TestDefinitions>
  <TestEntries>
    <TestEntry testId="24aa07ef-9d34-0e71-f572-9e00fd633652" executionId="4cd53080-ea2a-4409-b976-f3c6c5ec0cb8" testListId="8c84fa94-04c1-424b-9868-57a2d4851a1d" />
    <TestEntry testId="84da9067-81a4-f8e4-e050-0f39d7ce8a58" executionId="58c83ebd-4e57-4c52-a0cc-85c3513f8382" testListId="8c84fa94-04c1-424b-9868-57a2d4851a1d" />
    <TestEntry testId="ac9d4e11-ec2d-ef55-3c8f-eb71e1fa34d8" executionId="5c5dc4fb-9f6e-4f31-b082-8e1d269e14fe" testListId="8c84fa94-04c1-424b-9868-57a2d4851a1d" />
    <TestEntry testId="a7d5f1a3-8dbc-cd97-2d4d-f5382b6649e9" executionId="2ffe2ca0-5310-47aa-b2cd-46645662bd08" testListId="8c84fa94-04c1-424b-9868-57a2d4851a1d" />
    <TestEntry testId="e6450159-8faf-83e2-7ff1-bd37b6edd310" executionId="fdf76884-463d-4673-af22-5aa1849c9ddc" testListId="8c84fa94-04c1-424b-9868-57a2d4851a1d" />
    <TestEntry testId="8ac54234-2fe4-66e7-3064-0fe93ea0c7f3" executionId="f1cf8caa-39c3-43ae-8b61-50fdc5c89a1b" testListId="8c84fa94-04c1-424b-9868-57a2d4851a1d" />
    <TestEntry testId="ea447854-7f3c-0f75-6101-4783ce6b04f3" executionId="70aa200b-bbcb-4e81-a41c-021b29410691" testListId="8c84fa94-04c1-424b-9868-57a2d4851a1d" />
    <TestEntry testId="f22fecce-9e05-0c16-323d-886acf60f114" executionId="a1972654-7341-4edd-aebc-48c40f9c3665" testListId="8c84fa94-04c1-424b-9868-57a2d4851a1d" />
    <TestEntry testId="5f5306e1-bd7c-ecd9-f655-8fdfc5c21d1a" executionId="21745706-5a27-4cc4-baef-2a5877cb55a6" testListId="8c84fa94-04c1-424b-9868-57a2d4851a1d" />
    <TestEntry testId="f35cdd57-bbac-d13c-c8a7-09726a484e46" executionId="ab5a502b-a9c1-4230-a8e5-f0a709895c86" testListId="8c84fa94-04c1-424b-9868-57a2d4851a1d" />
    <TestEntry testId="cd7e7686-8a05-bac9-ea8f-f9bb638ad10b" executionId="bb026726-a43f-4b00-a182-451edf3afa6d" testListId="8c84fa94-04c1-424b-9868-57a2d4851a1d" />
    <TestEntry testId="26e86a54-34a7-0820-0a5d-38c034d56d98" executionId="4ce2c9e9-f3c4-4cd6-8cdb-fa0be707096d" testListId="8c84fa94-04c1-424b-9868-57a2d4851a1d" />
    <TestEntry testId="36eaf8b6-85ba-84f7-edce-011edbf2a215" executionId="69524ce5-6754-4bbf-b684-2f1ddc98c84b" testListId="8c84fa94-04c1-424b-9868-57a2d4851a1d" />
    <TestEntry testId="95c7e351-a8f8-4a01-5797-e6a55a184861" executionId="21eae56d-151b-4cd0-9544-0fd2a08c0e41" testListId="8c84fa94-04c1-424b-9868-57a2d4851a1d" />
    <TestEntry testId="1206af9f-d132-5453-b574-866f665d64c5" executionId="4139d299-c5db-4e93-a5c2-ed0e5afb2fee" testListId="8c84fa94-04c1-424b-9868-57a2d4851a1d" />
    <TestEntry testId="59a60383-6d7c-6133-bd4b-5d84f788a41b" executionId="01fba904-8198-4971-a14a-27355edc8054" testListId="8c84fa94-04c1-424b-9868-57a2d4851a1d" />
    <TestEntry testId="3618a08a-a59f-94b6-e0c4-22abccf045a9" executionId="5264dc10-5f82-449d-bcff-28f343705920" testListId="8c84fa94-04c1-424b-9868-57a2d4851a1d" />
    <TestEntry testId="439f59a5-1e68-a99b-c24c-aa77fcb085bf" executionId="f8d29d33-9777-4408-b5de-bf2565112ead" testListId="8c84fa94-04c1-424b-9868-57a2d4851a1d" />
    <TestEntry testId="7af949fa-42f3-07d2-11bc-e3e66feee965" executionId="2f7b60cb-f15e-4d8d-85de-46e748e17806" testListId="8c84fa94-04c1-424b-9868-57a2d4851a1d" />
    <TestEntry testId="5ad508f9-a57c-bf1f-9543-fea13f09abc7" executionId="c05d5a1c-deab-43b7-a941-7e1fd65f0dbe" testListId="8c84fa94-04c1-424b-9868-57a2d4851a1d" />
    <TestEntry testId="0e5d25b1-6332-4a56-3f79-bba86ee32a2d" executionId="81dbd482-bc15-417d-8c50-cdf5352b60c1" testListId="8c84fa94-04c1-424b-9868-57a2d4851a1d" />
    <TestEntry testId="96b60375-4c3b-d433-ea7e-a1a6ea86dfa6" executionId="b0e437de-cb03-43c9-816f-93fc81fae23d" testListId="8c84fa94-04c1-424b-9868-57a2d4851a1d" />
    <TestEntry testId="3020bb36-e0a3-b224-bdaa-73c076bdbefb" executionId="41bcc0e3-74f5-458a-9369-210f25ecd00d" testListId="8c84fa94-04c1-424b-9868-57a2d4851a1d" />
    <TestEntry testId="17828155-9e23-b08a-e9bd-da99810ac0fb" executionId="3257d09c-3fe1-4b35-8fad-763284e32717" testListId="8c84fa94-04c1-424b-9868-57a2d4851a1d" />
    <TestEntry testId="111c0219-f2b6-ba06-5933-a5ac22b73028" executionId="38997427-d6ae-432a-abc2-4762ac0eacce" testListId="8c84fa94-04c1-424b-9868-57a2d4851a1d" />
    <TestEntry testId="1ecbc66c-0727-08c4-b0ea-bac2fc2f5a05" executionId="e2d25032-68f7-459e-9770-1e77f3bbacbf" testListId="8c84fa94-04c1-424b-9868-57a2d4851a1d" />
    <TestEntry testId="b67ef712-351e-7e57-d08a-d44b448cf480" executionId="ec6a20a5-d841-46ae-ae43-2733e6fabbcd" testListId="8c84fa94-04c1-424b-9868-57a2d4851a1d" />
    <TestEntry testId="4ff14dc8-0c01-c8b9-0da8-8845aa1ee661" executionId="5f530fa8-cdc2-4471-9882-5bb7b3697a12" testListId="8c84fa94-04c1-424b-9868-57a2d4851a1d" />
    <TestEntry testId="fead6ed0-87bc-0f57-c4bb-166c267df20e" executionId="55c7804d-ec70-4868-845e-9bf5fcf488bd" testListId="8c84fa94-04c1-424b-9868-57a2d4851a1d" />
    <TestEntry testId="9025050d-60bf-79ee-475c-703dbe7eee0e" executionId="8e2e42f0-f8a2-4ca3-b26d-281614ba7de8" testListId="8c84fa94-04c1-424b-9868-57a2d4851a1d" />
    <TestEntry testId="ed522a11-dab3-4b0c-7919-93d9208f550c" executionId="043a1242-c844-47d0-b650-558bbaf5a3a6" testListId="8c84fa94-04c1-424b-9868-57a2d4851a1d" />
    <TestEntry testId="d6a93a74-fd4a-48fa-c4c3-c63a2419e714" executionId="9ce284ed-3452-4b8e-b11b-089f1c849ff9" testListId="8c84fa94-04c1-424b-9868-57a2d4851a1d" />
    <TestEntry testId="e039e900-a6a3-1f68-4403-62cd4b13064a" executionId="f9bb56ac-694c-4736-98cc-58cea9b5672a" testListId="8c84fa94-04c1-424b-9868-57a2d4851a1d" />
    <TestEntry testId="f5e6a149-f868-bea9-f650-5629eecbb277" executionId="0f20a953-1e69-42b7-9aaa-c5529ab1e7eb" testListId="8c84fa94-04c1-424b-9868-57a2d4851a1d" />
    <TestEntry testId="a1d19a80-6c7b-6b8b-d365-265577cc6826" executionId="d6f1b242-bb79-405f-a72c-aa0e2b77b512" testListId="8c84fa94-04c1-424b-9868-57a2d4851a1d" />
    <TestEntry testId="70c3d111-4ccc-c6db-eb34-d771288c18bf" executionId="b147f61d-38d2-4503-b1b1-d44ed778c52e" testListId="8c84fa94-04c1-424b-9868-57a2d4851a1d" />
    <TestEntry testId="ce9f66f6-6d08-ce8c-e244-48f0a0cd56e9" executionId="484df895-4556-4efe-8ebb-a6f9329c83fe" testListId="8c84fa94-04c1-424b-9868-57a2d4851a1d" />
    <TestEntry testId="5654e402-2775-d388-7ea1-bc91bf66c672" executionId="e3c17c0c-245e-4b0a-b65f-d07bb44b394e" testListId="8c84fa94-04c1-424b-9868-57a2d4851a1d" />
    <TestEntry testId="18547971-3b39-62b3-9389-dad6219d1ef6" executionId="eebdb11a-07c8-4348-92c5-58cb26ee471b" testListId="8c84fa94-04c1-424b-9868-57a2d4851a1d" />
    <TestEntry testId="8cecdeb1-8d3c-fb21-ae34-bb360e325cef" executionId="27bf2f68-79d7-4613-a8ea-9809a0d7e1c1" testListId="8c84fa94-04c1-424b-9868-57a2d4851a1d" />
    <TestEntry testId="e513879c-d5c1-de71-cfa0-3ae11f59aa92" executionId="de3bffbf-0e7b-45da-9025-6c7fc431fc4e" testListId="8c84fa94-04c1-424b-9868-57a2d4851a1d" />
    <TestEntry testId="43e3986e-2105-9878-df0d-fa269deb29f4" executionId="7b13dedd-91df-4dac-be9b-90151b953b8a" testListId="8c84fa94-04c1-424b-9868-57a2d4851a1d" />
    <TestEntry testId="ff46a674-c7e1-6456-1309-f671872711df" executionId="2ef7eb41-3a70-43f8-b806-9f99dccbb8b7" testListId="8c84fa94-04c1-424b-9868-57a2d4851a1d" />
    <TestEntry testId="a6e2b031-6cad-5a54-d5aa-52f2f1a26fae" executionId="b5e584d2-3d8c-4e83-9f38-a805bf8cad19" testListId="8c84fa94-04c1-424b-9868-57a2d4851a1d" />
    <TestEntry testId="129f75cc-fc43-ea5e-f08b-cde15b596deb" executionId="994eecb7-6a39-477e-9f9e-abece96a03a0" testListId="8c84fa94-04c1-424b-9868-57a2d4851a1d" />
    <TestEntry testId="30a176aa-492d-8451-d25e-c6d51656ed30" executionId="a561f0f7-1344-4e26-aa36-cfb976187148" testListId="8c84fa94-04c1-424b-9868-57a2d4851a1d" />
  </TestEntries>
  <TestLists>
    <TestList name="Results Not in a List" id="8c84fa94-04c1-424b-9868-57a2d4851a1d" />
    <TestList name="All Loaded Results" id="19431567-8539-422a-85d7-44ee4e166bda" />
  </TestLists>
  <ResultSummary outcome="Completed">
    <Counters total="46" executed="46" passed="46" failed="0" error="0" timeout="0" aborted="0" inconclusive="0" passedButRunAborted="0" notRunnable="0" notExecuted="0" disconnected="0" warning="0" completed="0" inProgress="0" pending="0" />
    <Output>
      <StdOut>[xUnit.net 00:00:00.00] xUnit.net VSTest Adapter v2.5.8+bd6d97b49a (64-bit .NET 8.0.20)&#xD;
[xUnit.net 00:00:00.04]   Discovering: EngineNet.Tests&#xD;
[xUnit.net 00:00:00.05]   Discovered:  EngineNet.Tests&#xD;
[xUnit.net 00:00:00.06]   Starting:    EngineNet.Tests&#xD;
Executing command:&#xD;
  cmd.exe /c C:\Users\samki\AppData\Local\Temp\enginenet_evt_f0b32f41f4a74fc983e5d2913bf59df3.cmd&#xD;
  cwd: A:\Dev\github\yggdrasil-au\public\RemakeEngine\RemakeEngine\EngineNet.Tests\bin\Debug\net8.0&#xD;
Executing command:&#xD;
  foobar x.py&#xD;
  cwd: A:\Dev\github\yggdrasil-au\public\RemakeEngine\RemakeEngine\EngineNet.Tests\bin\Debug\net8.0&#xD;
=== Tools Downloader - manifest: C:\Users\samki\AppData\Local\Temp\enginetest_toolsdown_14560294ed344a44ab19d3a306cc194f\module.toml ===&#xD;
Platform: win-x64&#xD;
Found 1 tool entries.&#xD;
Executing command:&#xD;
  foobar x.py&#xD;
  cwd: A:\Dev\github\yggdrasil-au\public\RemakeEngine\RemakeEngine\EngineNet.Tests\bin\Debug\net8.0&#xD;
Executing command:&#xD;
  foobar x.py&#xD;
  cwd: A:\Dev\github\yggdrasil-au\public\RemakeEngine\RemakeEngine\EngineNet.Tests\bin\Debug\net8.0&#xD;
Processing: TestTool 1.0&#xD;
URL: https://example.com/testtool.zip&#xD;
Download dir: C:\Users\samki\AppData\Local\Temp\enginetest_toolsdown_14560294ed344a44ab19d3a306cc194f\TMP\Downloads&#xD;
Archive: C:\Users\samki\AppData\Local\Temp\enginetest_toolsdown_14560294ed344a44ab19d3a306cc194f\TMP\Downloads\testtool.zip&#xD;
Archive exists. Skipping download (use force to re-download).&#xD;
Verifying checksum.&#xD;
Checksum OK.&#xD;
Lockfile updated for TestTool.&#xD;
Lockfile written: C:\Users\samki\AppData\Local\Temp\enginetest_toolsdown_14560294ed344a44ab19d3a306cc194f\Tools.local.json&#xD;
&gt;&gt;&gt; Engine operation: download_tools&#xD;
=== Tools Downloader - manifest: C:\Users\samki\AppData\Local\Temp\enginetest_toolsdown_22e6973b059f4e0bb64ddbb436e565cb\module.toml ===&#xD;
Platform: win-x64&#xD;
Found 1 tool entries.&#xD;
Processing: TestTool 1.0&#xD;
URL: https://example.com/testtool.zip&#xD;
Download dir: C:\Users\samki\AppData\Local\Temp\enginetest_toolsdown_22e6973b059f4e0bb64ddbb436e565cb\Downloads&#xD;
Archive: C:\Users\samki\AppData\Local\Temp\enginetest_toolsdown_22e6973b059f4e0bb64ddbb436e565cb\Downloads\testtool.zip&#xD;
Archive exists. Skipping download (use force to re-download).&#xD;
Verifying checksum.&#xD;
Checksum OK.&#xD;
Unpacking to: C:\Users\samki\AppData\Local\Temp\enginetest_toolsdown_22e6973b059f4e0bb64ddbb436e565cb\Tools\TestTool&#xD;
Detected executable: C:\Users\samki\AppData\Local\Temp\enginetest_toolsdown_22e6973b059f4e0bb64ddbb436e565cb\Tools\TestTool\TestToolDriver.exe&#xD;
Lockfile updated for TestTool.&#xD;
Lockfile written: C:\Users\samki\AppData\Local\Temp\enginetest_toolsdown_22e6973b059f4e0bb64ddbb436e565cb\Tools.local.json&#xD;
Fetched missing file from GitHub: RemakeRegistry\register.json -&gt; C:\Users\samki\AppData\Local\Temp\enginenet_ops_dc6de04a36c04288ac992db3368ee489\RemakeRegistry\register.json&#xD;
=== Tools Downloader - manifest: C:\Users\samki\AppData\Local\Temp\enginetest_toolsdown_b8ca524c32254f8a94f8a34a7095bcff\missing.toml ===&#xD;
Fetched missing file from GitHub: RemakeRegistry\register.json -&gt; C:\Users\samki\AppData\Local\Temp\enginenet_ops_4887e0e9205e4ba7885f78764dc89fe8\RemakeRegistry\register.json&#xD;
=== Tools Downloader - manifest: C:\Users\samki\AppData\Local\Temp\enginenet_ops_2732f96b7a624f91ade657b5ad9de5ea\tools.toml ===&#xD;
Platform: win-x64&#xD;
Found 0 tool entries.&#xD;
Lockfile written: C:\Users\samki\AppData\Local\Temp\enginenet_ops_2732f96b7a624f91ade657b5ad9de5ea\Tools.local.json&#xD;
&gt;&gt;&gt; Built-in TXD extraction&#xD;
Unknown argument '-i'.&#xD;
\n&gt;&gt;&gt; Built-in BMS extraction&#xD;
[QBMS-Extract] --quickbms is required.&#xD;
&gt;&gt;&gt; Built-in media conversion&#xD;
Fetched missing file from GitHub: RemakeRegistry\register.json -&gt; C:\Users\samki\AppData\Local\Temp\enginenet_ops_eaecd057efca43ed845ae1fa55e4d9e6\RemakeRegistry\register.json&#xD;
Source directory not found: C:\Users\samki\AppData\Local\Temp\enginenet_ops_2732f96b7a624f91ade657b5ad9de5ea\src_missing&#xD;
&gt;&gt;&gt; Built-in media conversion&#xD;
Source directory not found: C:\Users\samki\AppData\Local\Temp\enginenet_ops_2732f96b7a624f91ade657b5ad9de5ea\src_missing2&#xD;
Executing command:&#xD;
  definitely-not-a-real-exe arg&#xD;
  cwd: A:\Dev\github\yggdrasil-au\public\RemakeEngine\RemakeEngine\EngineNet.Tests\bin\Debug\net8.0&#xD;
Executing command:&#xD;
  foobar a.py&#xD;
  cwd: A:\Dev\github\yggdrasil-au\public\RemakeEngine\RemakeEngine\EngineNet.Tests\bin\Debug\net8.0&#xD;
Executing command:&#xD;
  foobar a.py&#xD;
  cwd: A:\Dev\github\yggdrasil-au\public\RemakeEngine\RemakeEngine\EngineNet.Tests\bin\Debug\net8.0&#xD;
[ENGINE] Downloading 'repo' from 'https://example.com/repo.git'...&#xD;
[ENGINE] Target directory: 'C:\Users\samki\AppData\Local\Temp\enginenet_ops_641bc78d4b934cb4b9abacaff7c5e153\RemakeRegistry\Games\repo'&#xD;
[ENGINE] Cloning into 'C:\Users\samki\AppData\Local\Temp\enginenet_ops_641bc78d4b934cb4b9abacaff7c5e153\RemakeRegistry\Games\repo'...&#xD;
[ENGINE] fatal: repository 'https://example.com/repo.git/' not found&#xD;
[ENGINE] &#xD;
Failed to download 'repo'. Git exited with code 128.&#xD;
Running lua script 'C:\Users\samki\AppData\Local\Temp\enginenet_ops_eedd6ad9dc904c339030a8ac233ac517\test.lua' with 0 args...&#xD;
input args: &#xD;
hi&#xD;
Running js script 'C:\Users\samki\AppData\Local\Temp\enginenet_ops_eedd6ad9dc904c339030a8ac233ac517\test.js' with 0 args...&#xD;
input args: &#xD;
&gt;&gt;&gt; Engine operation: unknown_action&#xD;
Executing command:&#xD;
  foobar C:\Users\samki\AppData\Local\Temp\enginenet_ops_eedd6ad9dc904c339030a8ac233ac517\noop.py&#xD;
  cwd: A:\Dev\github\yggdrasil-au\public\RemakeEngine\RemakeEngine\EngineNet.Tests\bin\Debug\net8.0&#xD;
Running lua script 'C:\Users\samki\AppData\Local\Temp\enginenet_ops_c67c57ba3be946b0bafab25ed58a4d93\ok.lua' with 0 args...&#xD;
input args: &#xD;
ok&#xD;
Executing command:&#xD;
  foobar C:\Users\samki\AppData\Local\Temp\enginenet_ops_c67c57ba3be946b0bafab25ed58a4d93\noop.py&#xD;
  cwd: A:\Dev\github\yggdrasil-au\public\RemakeEngine\RemakeEngine\EngineNet.Tests\bin\Debug\net8.0&#xD;
Executing command:&#xD;
  foobar a.py&#xD;
  cwd: A:\Dev\github\yggdrasil-au\public\RemakeEngine\RemakeEngine\EngineNet.Tests\bin\Debug\net8.0&#xD;
Executing command:&#xD;
  python C:\Users\samki\AppData\Local\Temp\enginenet_ops_d3391f7479d74ed09ec7b12dc4cb83e7\p.py&#xD;
  cwd: A:\Dev\github\yggdrasil-au\public\RemakeEngine\RemakeEngine\EngineNet.Tests\bin\Debug\net8.0&#xD;
[xUnit.net 00:00:01.47]   Finished:    EngineNet.Tests&#xD;
</StdOut>
    </Output>
  </ResultSummary>
</TestRun>